app: 2019/06/22 19:34:06 controller.go:39: Sending data to the client: [{"id":1,"name":"gac","address":"el","taxId":"lick        ","email":"my","phoneNumber":"dick          "},{"id":5,"name":"sex","address":"elalk","taxId":"licker      ","email":"mylol","phoneNumber":"dickcity      "}]
app: 2019/06/22 19:34:18 controller.go:39: Sending data to the client: {"id":5,"name":"sex","address":"elalk","taxId":"licker      ","email":"mylol","phoneNumber":"dickcity      "}
app: 2019/06/22 20:24:42 controller.go:30: Sent error message to the client: 404 - There is no service with id 1 in the database
app: 2019/06/22 20:29:11 controller.go:23: Error occured: Datavase access error:, open sql/get_service_by_id.sql: no such file or directory
app: 2019/06/22 20:29:11 controller.go:30: Sent error message to the client: 404 - There is no service with id 1 in the database
app: 2019/06/22 20:30:46 controller.go:39: Sending data to the client: {"id":1,"title":"Jerking off your dick","description":"You will get a real pleasure fron jerking off your dick","price":14.88}
app: 2019/06/22 20:33:10 controller.go:39: Sending data to the client: [{"id":1,"title":"Jerking off your dick","description":"You will get a real pleasure fron jerking off your dick","price":14.88},{"id":2,"title":"Licking your balls","description":"You will get a real pleasure from licking your balls","price":13.37}]
app: 2019/06/22 20:35:31 controller.go:39: Sending data to the client: [{"id":1,"title":"Jerking off your dick","description":"You will get a real pleasure fron jerking off your dick","price":14.88},{"id":2,"title":"Licking your tits","description":"You will get a real pleasure from licking your tits","price":16.98}]
app: 2019/06/22 20:36:07 controller.go:39: Sending data to the client: [{"id":2,"title":"Licking your tits","description":"You will get a real pleasure from licking your tits","price":16.98}]
app: 2019/06/22 20:38:37 controller.go:39: Sending data to the client: [{"id":2,"title":"Licking your tits","description":"You will get a real pleasure from licking your tits","price":16.98}]
app: 2019/06/22 20:39:29 controller.go:39: Sending data to the client: [{"id":2,"title":"Licking your ass","description":"You will get a real pleasure from licking your ass","price":28.32}]
app: 2019/06/22 20:40:25 controller.go:39: Sending data to the client: [{"id":1,"name":"gac","address":"el","taxId":"lick        ","email":"my","phoneNumber":"dick          "},{"id":5,"name":"sex","address":"elalk","taxId":"licker      ","email":"mylol","phoneNumber":"dickcity      "}]
app: 2019/06/22 20:40:58 controller.go:39: Sending data to the client: [{"id":5,"name":"sex","address":"elalk","taxId":"licker      ","email":"mylol","phoneNumber":"dickcity      "}]
app: 2019/06/22 20:42:00 controller.go:39: Sending data to the client: [{"id":5,"name":"Lolka","address":"Lelka","taxId":"licker      ","email":"mylol","phoneNumber":"dickcity      "}]
app: 2019/06/23 21:12:37 controller.go:39: Sending data to the client: {"id":1,"customerId":5,"date":"2019-01-01T00:00:00Z"}
app: 2019/06/23 21:13:04 controller.go:39: Sending data to the client: [{"id":1,"customerId":5,"date":"2019-01-01T00:00:00Z"}]
app: 2019/06/23 21:14:37 controller.go:30: Sent error message to the client: 400 - Couldn't parse JSON data
app: 2019/06/23 21:15:46 controller.go:30: Sent error message to the client: 400 - Couldn't parse JSON data
app: 2019/06/23 21:17:09 controller.go:39: Sending data to the client: {"id":1,"customerId":5,"date":"2019-01-01T00:00:00Z"}
app: 2019/06/23 21:17:44 controller.go:39: Sending data to the client: {"id":1,"customerId":5,"date":"2019-01-01T00:00:00Z"}
app: 2019/06/23 21:18:15 controller.go:39: Sending data to the client: [{"id":1,"customerId":5,"date":"2019-01-01T00:00:00Z"},{"id":2,"customerId":5,"date":"2019-02-02T00:00:00Z"}]
app: 2019/06/23 21:21:31 controller.go:39: Sending data to the client: [{"id":2,"customerId":5,"date":"2019-02-02T00:00:00Z"},{"id":1,"customerId":5,"date":"2019-03-03T00:00:00Z"}]
app: 2019/06/23 21:23:25 controller.go:39: Sending data to the client: [{"id":1,"customerId":5,"date":"2019-03-03T00:00:00Z"}]
app: 2019/06/23 21:24:22 controller.go:39: Sending data to the client: [{"id":2,"title":"Licking your ass","description":"You will get a real pleasure from licking your ass","price":28.32}]
app: 2019/06/23 21:25:08 controller.go:39: Sending data to the client: {"id":2,"title":"Licking your ass","description":"You will get a real pleasure from licking your ass","price":28.32}
app: 2019/06/23 21:26:27 controller.go:39: Sending data to the client: [{"id":1,"customerId":5,"date":"2019-03-03T00:00:00Z"}]
app: 2019/06/23 21:27:45 controller.go:39: Sending data to the client: [{"id":1,"customerId":5,"date":"2019-03-03T00:00:00Z"},{"id":3,"customerId":5,"date":"2019-08-09T00:00:00Z"}]
app: 2019/06/23 21:28:01 controller.go:39: Sending data to the client: [{"id":2,"title":"Licking your ass","description":"You will get a real pleasure from licking your ass","price":28.32}]
app: 2019/06/23 21:29:26 controller.go:39: Sending data to the client: [{"id":2,"title":"Licking your ass","description":"You will get a real pleasure from licking your ass","price":28.32},{"id":3,"title":"Licking your armpits","description":"You will get a real pleasure from licking your armpits","price":199.26}]
app: 2019/06/23 21:30:02 controller.go:39: Sending data to the client: [{"id":1,"customerId":5,"date":"2019-03-03T00:00:00Z"},{"id":3,"customerId":5,"date":"2019-08-09T00:00:00Z"}]
app: 2019/06/23 21:30:24 controller.go:39: Sending data to the client: [{"id":2,"title":"Licking your ass","description":"You will get a real pleasure from licking your ass","price":28.32}]
app: 2019/06/23 21:30:33 controller.go:39: Sending data to the client: []
app: 2019/06/23 21:31:25 controller.go:39: Sending data to the client: [{"id":1,"customerId":5,"date":"2019-03-03T00:00:00Z"},{"id":3,"customerId":5,"date":"2019-08-09T00:00:00Z"}]
app: 2019/06/23 21:31:49 controller.go:39: Sending data to the client: []
app: 2019/06/23 21:33:22 controller.go:39: Sending data to the client: [{"id":2,"title":"Licking your ass","description":"You will get a real pleasure from licking your ass","price":28.32},{"id":3,"title":"Licking your armpits","description":"You will get a real pleasure from licking your armpits","price":199.26}]
app: 2019/06/23 21:34:28 controller.go:39: Sending data to the client: [{"id":3,"title":"Licking your armpits","description":"You will get a real pleasure from licking your armpits","price":199.26}]
app: 2019/06/23 22:30:56 controller.go:39: Sending data to the client: [{"id":3,"title":"Licking your armpits","description":"You will get a real pleasure from licking your armpits","price":199.26}]
app: 2019/06/24 03:00:22 controller.go:24: Error occured: Database access error:, dial tcp 192.168.0.104:5433: connect: connection refused
app: 2019/06/24 03:00:22 controller.go:32: Sent error message to the client: 404 - Couldn't extract any entry from the services database
app: 2019/06/24 03:01:34 controller.go:24: Error occured: Database access error:, dial tcp 192.168.0.104:5432: connect: connection refused
app: 2019/06/24 03:01:34 controller.go:32: Sent error message to the client: 404 - Couldn't extract any entry from the services database
